\BOOKMARK [1][-]{section.1}{An Introduction to the Data}{}% 1
\BOOKMARK [1][-]{section.2}{The Importance of Assessing our Government}{}% 2
\BOOKMARK [1][-]{section.3}{Examining The Members of Senate}{}% 3
\BOOKMARK [2][-]{subsection.3.1}{How have senators adopted web platforms over time?}{section.3}% 4
\BOOKMARK [2][-]{subsection.3.2}{For how many terms do Senators typically serve?}{section.3}% 5
\BOOKMARK [2][-]{subsection.3.3}{What are the dynamics of political parties in the US Senate over time?}{section.3}% 6
\BOOKMARK [2][-]{subsection.3.4}{How often do multiple senators share a surname?}{section.3}% 7
\BOOKMARK [2][-]{subsection.3.5}{Do certain states prefer certain political parties?}{section.3}% 8
\BOOKMARK [2][-]{subsection.3.6}{Who are the independent senators? Where are they elected?}{section.3}% 9
\BOOKMARK [1][-]{section.4}{Examining Patterns in Bill Passage}{}% 10
\BOOKMARK [2][-]{subsection.4.1}{What types of roll-call votes are handled By US Senate?}{section.4}% 11
\BOOKMARK [2][-]{subsection.4.2}{How have Trends in Bill Type Changed over Time?}{section.4}% 12
\BOOKMARK [2][-]{subsection.4.3}{How does the percentage of passed bills change over time?}{section.4}% 13
\BOOKMARK [2][-]{subsection.4.4}{Are bills that received unanimous votes typically passed or failed?}{section.4}% 14
\BOOKMARK [1][-]{section.5}{An Analysis of Voting Patterns Using Roll-Call Votes with Individual Senator Resolutions}{}% 15
\BOOKMARK [2][-]{subsection.5.1}{Do Senators Vote Yea/Nay more in a given year?}{section.5}% 16
\BOOKMARK [2][-]{subsection.5.2}{Do Senators Typically Vote Along Their Party Lines?}{section.5}% 17
\BOOKMARK [1][-]{section.6}{Concluding Thoughts}{}% 18
\BOOKMARK [1][-]{section.7}{Appendix}{}% 19
\BOOKMARK [2][-]{subsection.7.1}{Appendix A: Data fetching and Pre-processing}{section.7}% 20
